<?xml version="1.0" encoding="UTF-8"?>
<!-- Generated by org.testng.reporters.JUnitReportReporter -->
<testsuite hostname="maga-pc" name="com.example.tests.GroupCreationTests" tests="2" failures="0" timestamp="21 Aug 2015 17:50:10 GMT" time="1.351" errors="0">
  <testcase name="testEmptyGroupCreation" time="0.764" classname="com.example.tests.GroupCreationTests"/>
  <testcase name="testNonEmptyGroupCreation" time="0.587" classname="com.example.tests.GroupCreationTests"/>
</testsuite> <!-- com.example.tests.GroupCreationTests -->
