<?xml version="1.0" encoding="UTF-8"?>
<!-- Generated by org.testng.reporters.JUnitReportReporter -->
<testsuite hostname="maga-pc" name="com.example.tests.GroupCreationTests" tests="2" failures="0" timestamp="24 Aug 2015 16:29:20 GMT" time="1.396" errors="0">
  <testcase name="testEmptyGroupCreation" time="0.759" classname="com.example.tests.GroupCreationTests"/>
  <testcase name="testNonEmptyGroupCreation" time="0.637" classname="com.example.tests.GroupCreationTests"/>
</testsuite> <!-- com.example.tests.GroupCreationTests -->
