<?xml version="1.0" encoding="UTF-8"?>
<!-- Generated by org.testng.reporters.JUnitReportReporter -->
<testsuite hostname="maga-pc" name="com.example.tests.ContactCreationTests" tests="2" failures="0" timestamp="24 Aug 2015 16:29:20 GMT" time="2.108" errors="0">
  <testcase name="testEmptyContactCreation" time="0.962" classname="com.example.tests.ContactCreationTests"/>
  <testcase name="testNonEmptyContactCreation" time="1.146" classname="com.example.tests.ContactCreationTests"/>
</testsuite> <!-- com.example.tests.ContactCreationTests -->
