<?xml version="1.0" encoding="UTF-8"?>
<!-- Generated by org.testng.reporters.JUnitReportReporter -->
<testsuite hostname="maga-pc" name="com.example.tests.AlsoCreationTests" tests="2" failures="0" timestamp="21 Aug 2015 17:50:10 GMT" time="1.098" errors="0">
  <testcase name="testEmptyGroupCreation" time="0.560" classname="com.example.tests.AlsoCreationTests"/>
  <testcase name="testNonEmptyGroupCreation" time="0.538" classname="com.example.tests.AlsoCreationTests"/>
</testsuite> <!-- com.example.tests.AlsoCreationTests -->
